running install
/Library/Frameworks/Python.framework/Versions/3.13/lib/python3.13/site-packages/setuptools/_distutils/cmd.py:90: SetuptoolsDeprecationWarning: setup.py install is deprecated.
!!

        ********************************************************************************
        Please avoid running ``setup.py`` directly.
        Instead, use pypa/build, pypa/installer or other
        standards-based tools.

        See https://blog.ganssle.io/articles/2021/10/setup-py-deprecated.html for details.
        ********************************************************************************

!!
  self.initialize_options()
checking for gcc... gcc
checking whether the C compiler works... yes
checking for C compiler default output file name... a.out
checking for suffix of executables... 
checking whether we are cross compiling... no
checking for suffix of object files... o
checking whether we are using the GNU C compiler... yes
checking whether gcc accepts -g... yes
checking for gcc option to accept ISO C89... none needed
checking for a BSD-compatible install... /usr/bin/install -c
checking for ranlib... ranlib
checking how to run the C preprocessor... gcc -E
checking for X... disabled
checking for grep that handles long lines and -e... /usr/bin/grep
checking for egrep... /usr/bin/grep -E
checking for ANSI C header files... yes
checking for sys/types.h... yes
checking for sys/stat.h... yes
checking for stdlib.h... yes
checking for string.h... yes
checking for memory.h... yes
checking for strings.h... yes
checking for inttypes.h... yes
checking for stdint.h... yes
checking for unistd.h... yes
checking err.h usability... yes
checking err.h presence... yes
checking for err.h... yes
checking fcntl.h usability... yes
checking fcntl.h presence... yes
checking for fcntl.h... yes
checking sys/ioctl.h usability... yes
checking sys/ioctl.h presence... yes
checking for sys/ioctl.h... yes
checking sys/queue.h usability... yes
checking sys/queue.h presence... yes
checking for sys/queue.h... yes
checking for unistd.h... (cached) yes
checking libgen.h usability... yes
checking libgen.h presence... yes
checking for libgen.h... yes
checking net/if_tun.h usability... no
checking net/if_tun.h presence... no
checking for net/if_tun.h... no
checking for MIN and MAX in sys/param.h... yes
checking for an ANSI C-conforming const... yes
checking for size_t... yes
checking whether struct tm is in sys/time.h or time.h... time.h
checking for u_int32_t... yes
checking for u_int64_t... yes
checking for in_addr_t... yes
checking whether gcc needs -traditional... no
checking for working memcmp... yes
checking return type of signal handlers... void
checking for strftime... yes
checking for gethostname... yes
checking for socket... yes
checking for strdup... yes
checking for strstr... yes
checking for ether_ntoa... yes
checking for xdr_fhstatus in -lrpcsvc... no
checking for socket in -lsocket... no
checking for gethostbyname in -lnsl... no
checking for dn_expand in -lresolv... yes
checking for __dn_expand in -lresolv... no
checking for dirname... yes
checking for strlcpy... yes
checking for strlcat... yes
checking for strsep... yes
checking for MD5Update... no
checking for warnx... yes
checking for ether_ntoa... (cached) yes
checking for Berkeley DB with 1.85 compatibility... /usr/local/opt/berkeley-db@18
checking for libpcap... /usr/local/opt/libpcap
checking for libnet... /usr/local/opt/libnet
checking for libnids... /usr/local/opt/libnids
checking whether libnids version is good... yes
checking for OpenSSL... /usr/local/opt/openssl
configure: creating ./config.status
config.status: creating Makefile
config.status: WARNING:  'Makefile.in' seems to ignore the --datarootdir setting
config.status: creating config.h
config.status: config.h is unchanged
make: Nothing to be done for `all'.
test -d /Users/joshjames/Downloads/prime_dsniff/build/bin || \
	   /usr/bin/install -c -d /Users/joshjames/Downloads/prime_dsniff/build/bin
for file in arpspoof dnsspoof dsniff filesnarf macof mailsnarf msgsnarf sshow tcpkill tcpnice  urlsnarf webmitm  ; do \
	   /usr/bin/install -c -m 755 $file /Users/joshjames/Downloads/prime_dsniff/build/bin; \
	done
test -d /Users/joshjames/Downloads/prime_dsniff/build/share/dsniff || \
	   /usr/bin/install -c -d /Users/joshjames/Downloads/prime_dsniff/build/share/dsniff
for file in dsniff.magic dsniff.services dnsspoof.hosts; do \
	   /usr/bin/install -c -m 644 $file /Users/joshjames/Downloads/prime_dsniff/build/share/dsniff; \
	done
test -d /Users/joshjames/Downloads/prime_dsniff/build/share/man/man8 || \
	   /usr/bin/install -c -d /Users/joshjames/Downloads/prime_dsniff/build/share/man/man8
for file in *.8; do \
	   /usr/bin/install -c -m 644 $file /Users/joshjames/Downloads/prime_dsniff/build/share/man/man8; \
	done
running build
running build_py
creating build/lib/dsniff_py
copying dsniff_py/__init__.py -> build/lib/dsniff_py
copying dsniff_py/cli.py -> build/lib/dsniff_py
running egg_info
writing dsniff.egg-info/PKG-INFO
writing dependency_links to dsniff.egg-info/dependency_links.txt
writing entry points to dsniff.egg-info/entry_points.txt
writing top-level names to dsniff.egg-info/top_level.txt
reading manifest file 'dsniff.egg-info/SOURCES.txt'
adding license file 'LICENSE'
writing manifest file 'dsniff.egg-info/SOURCES.txt'
running install_lib
creating test_install/lib/python3.13/site-packages
creating test_install/lib/python3.13/site-packages/dsniff_py
copying build/lib/dsniff_py/__init__.py -> test_install/lib/python3.13/site-packages/dsniff_py
copying build/lib/dsniff_py/cli.py -> test_install/lib/python3.13/site-packages/dsniff_py
byte-compiling test_install/lib/python3.13/site-packages/dsniff_py/__init__.py to __init__.cpython-313.pyc
byte-compiling test_install/lib/python3.13/site-packages/dsniff_py/cli.py to cli.cpython-313.pyc
running install_egg_info
Copying dsniff.egg-info to test_install/lib/python3.13/site-packages/dsniff-0.1.0-py3.13.egg-info
running install_scripts
Installing arpspoof script to test_install/bin
Installing dnsspoof script to test_install/bin
Installing dsniff script to test_install/bin
Installing filesnarf script to test_install/bin
Installing macof script to test_install/bin
Installing mailsnarf script to test_install/bin
Installing msgsnarf script to test_install/bin
Installing sshmitm script to test_install/bin
Installing sshow script to test_install/bin
Installing tcpkill script to test_install/bin
Installing tcpnice script to test_install/bin
Installing urlsnarf script to test_install/bin
Installing webmitm script to test_install/bin
Installing webspy script to test_install/bin
